  Building Custom Rule C:/ASAP-1.9/src/imgproc/wholeslide/CMakeLists.txt
  ConnectedComponentsWholeSlideFilter.cpp
C:\ASAP-1.9\src\imgproc\wholeslide\ConnectedComponentsWholeSlideFilter.cpp(256): warning C4018: '<': signed/unsigned mismatch
  DistanceTransformWholeSlideFilter.cpp
C:\ASAP-1.9\src\imgproc\wholeslide\DistanceTransformWholeSlideFilter.cpp(72): warning C4244: 'initializing': conversion from '_Ty' to 'unsigned int', possible loss of data
          with
          [
              _Ty=unsigned __int64
          ]
C:\ASAP-1.9\src\imgproc\wholeslide\DistanceTransformWholeSlideFilter.cpp(147): warning C4244: 'initializing': conversion from 'double' to '__int64', possible loss of data
C:\ASAP-1.9\src\imgproc\wholeslide\DistanceTransformWholeSlideFilter.cpp(148): warning C4244: 'initializing': conversion from 'double' to '__int64', possible loss of data
C:\ASAP-1.9\src\imgproc\wholeslide\DistanceTransformWholeSlideFilter.cpp(159): warning C4018: '>=': signed/unsigned mismatch
C:\ASAP-1.9\src\imgproc\wholeslide\DistanceTransformWholeSlideFilter.cpp(169): warning C4018: '>=': signed/unsigned mismatch
C:\Program Files (x86)\Microsoft Visual Studio\2017\Enterprise\VC\Tools\MSVC\14.16.27023\include\xutility(2903): warning C4244: '=': conversion from 'const _Ty' to '_Ty', possible loss of data
          with
          [
              _Ty=unsigned __int64
          ]
          and
          [
              _Ty=unsigned int
          ]
  C:\Program Files (x86)\Microsoft Visual Studio\2017\Enterprise\VC\Tools\MSVC\14.16.27023\include\xutility(2917): note: see reference to function template instantiation 'void std::_Fill_unchecked1<_FwdIt,_Ty>(_FwdIt,_FwdIt,const _Ty &,std::false_type)' being compiled
          with
          [
              _FwdIt=unsigned int *,
              _Ty=unsigned __int64
          ]
  C:\Program Files (x86)\Microsoft Visual Studio\2017\Enterprise\VC\Tools\MSVC\14.16.27023\include\xutility(2925): note: see reference to function template instantiation 'void std::_Fill_unchecked<_Ty*,unsigned __int64>(_FwdIt,_FwdIt,const unsigned __int64 &)' being compiled
          with
          [
              _Ty=unsigned int,
              _FwdIt=unsigned int *
          ]
  C:\ASAP-1.9\src\imgproc\wholeslide\DistanceTransformWholeSlideFilter.cpp(88): note: see reference to function template instantiation 'void std::fill<unsigned int*,_Ty>(_FwdIt,_FwdIt,const _Ty &)' being compiled
          with
          [
              _Ty=unsigned __int64,
              _FwdIt=unsigned int *
          ]
  LabelStatisticsWholeSlideFilter.cpp
  ThresholdWholeSlideFilter.cpp
C:\ASAP-1.9\src\imgproc\wholeslide\ThresholdWholeSlideFilter.cpp(81): warning C4018: '>=': signed/unsigned mismatch
C:\ASAP-1.9\src\imgproc\wholeslide\ThresholdWholeSlideFilter.cpp(116): warning C4018: '<': signed/unsigned mismatch
  ArithmeticWholeSlideFilter.cpp
  NucleiDetectionWholeSlideFilter.cpp
C:\ASAP-1.9\src\imgproc\wholeslide\NucleiDetectionWholeSlideFilter.cpp(19): warning C4305: 'initializing': truncation from 'double' to 'float'
C:\ASAP-1.9\src\imgproc\wholeslide\NucleiDetectionWholeSlideFilter.cpp(118): warning C4244: 'argument': conversion from 'double' to '_Ty', possible loss of data
          with
          [
              _Ty=float
          ]
C:\ASAP-1.9\src\imgproc\wholeslide\NucleiDetectionWholeSlideFilter.cpp(119): warning C4244: 'argument': conversion from 'double' to '_Ty', possible loss of data
          with
          [
              _Ty=float
          ]
C:\ASAP-1.9\src\imgproc/opencv/NucleiDetectionFilter.h(186): warning C4305: 'initializing': truncation from 'double' to 'float'
  C:\ASAP-1.9\src\imgproc/opencv/NucleiDetectionFilter.h(175): note: while compiling class template member function 'NucleiDetectionFilter<double>::NucleiDetectionFilter(void)'
  C:\ASAP-1.9\src\imgproc\wholeslide\NucleiDetectionWholeSlideFilter.cpp(102): note: see reference to function template instantiation 'NucleiDetectionFilter<double>::NucleiDetectionFilter(void)' being compiled
  C:\ASAP-1.9\src\imgproc\wholeslide\NucleiDetectionWholeSlideFilter.cpp(102): note: see reference to class template instantiation 'NucleiDetectionFilter<double>' being compiled
C:\ASAP-1.9\src\imgproc/opencv/NucleiDetectionFilter.h(134): warning C4244: 'argument': conversion from '_Ty' to '_Ty', possible loss of data
          with
          [
              _Ty=double
          ]
          and
          [
              _Ty=float
          ]
  C:\ASAP-1.9\src\imgproc/opencv/NucleiDetectionFilter.h(102): note: while compiling class template member function 'bool NucleiDetectionFilter<double>::calculate(const Patch<double> &,std::vector<Point,std::allocator<_Ty>> &)'
          with
          [
              _Ty=Point
          ]
  C:\ASAP-1.9\src\imgproc/opencv/NucleiDetectionFilter.h(266): note: see reference to function template instantiation 'bool NucleiDetectionFilter<double>::calculate(const Patch<double> &,std::vector<Point,std::allocator<_Ty>> &)' being compiled
          with
          [
              _Ty=Point
          ]
C:\ASAP-1.9\src\imgproc/opencv/NucleiDetectionFilter.h(138): warning C4244: 'argument': conversion from 'float' to 'const unsigned int', possible loss of data
C:\ASAP-1.9\src\imgproc/opencv/NucleiDetectionFilter.h(168): warning C4267: '=': conversion from 'size_t' to 'unsigned int', possible loss of data
C:\ASAP-1.9\src\imgproc/opencv/NucleiDetectionFilter.h(35): warning C4018: '<': signed/unsigned mismatch
  C:\ASAP-1.9\src\imgproc/opencv/NucleiDetectionFilter.h(27): note: while compiling class template member function 'cv::Mat NucleiDetectionFilter<double>::hybridReconstruct(const cv::Mat &,const cv::Mat &)'
  C:\ASAP-1.9\src\imgproc/opencv/NucleiDetectionFilter.h(147): note: see reference to function template instantiation 'cv::Mat NucleiDetectionFilter<double>::hybridReconstruct(const cv::Mat &,const cv::Mat &)' being compiled
C:\ASAP-1.9\src\imgproc/opencv/NucleiDetectionFilter.h(36): warning C4018: '<': signed/unsigned mismatch
C:\ASAP-1.9\src\multiresolutionimageinterface/MultiResolutionImage.h(82): warning C4018: '<': signed/unsigned mismatch
  C:\ASAP-1.9\src\imgproc\wholeslide\NucleiDetectionWholeSlideFilter.cpp(113): note: see reference to function template instantiation 'Patch<double> MultiResolutionImage::getPatch<double>(const __int64 &,const __int64 &,const unsigned __int64 &,const unsigned __int64 &,const unsigned int &)' being compiled
c:\asap-1.9\src\imgproc\opencv\DIAGPathologyOpenCVBridge.h(44): warning C4244: 'argument': conversion from '_Ty' to 'int', possible loss of data
          with
          [
              _Ty=unsigned __int64
          ]
  C:\ASAP-1.9\src\imgproc/opencv/NucleiDetectionFilter.h(129): note: see reference to function template instantiation 'cv::Mat patchToMat<double>(const Patch<double> &,bool)' being compiled
  C:\ASAP-1.9\src\imgproc/opencv/NucleiDetectionFilter.h(102): note: while compiling class template member function 'bool NucleiDetectionFilter<double>::calculate(const Patch<double> &,std::vector<Point,std::allocator<_Ty>> &)'
          with
          [
              _Ty=Point
          ]
  C:\ASAP-1.9\src\imgproc/opencv/NucleiDetectionFilter.h(266): note: see reference to function template instantiation 'bool NucleiDetectionFilter<double>::calculate(const Patch<double> &,std::vector<Point,std::allocator<_Ty>> &)' being compiled
          with
          [
              _Ty=Point
          ]
c:\asap-1.9\src\imgproc\opencv\DIAGPathologyOpenCVBridge.h(49): warning C4244: 'argument': conversion from '_Ty' to 'int', possible loss of data
          with
          [
              _Ty=unsigned __int64
          ]
c:\asap-1.9\src\imgproc\opencv\DIAGPathologyOpenCVBridge.h(50): warning C4244: 'argument': conversion from '_Ty' to 'int', possible loss of data
          with
          [
              _Ty=unsigned __int64
          ]
c:\asap-1.9\src\core\Patch.hpp(243): warning C4267: 'initializing': conversion from 'size_t' to 'int', possible loss of data
  c:\asap-1.9\src\core\Patch.hpp(239): note: while compiling class template member function 'void Patch<double>::calculateStrides(void)'
  c:\asap-1.9\src\core\Patch.hpp(185): note: see reference to function template instantiation 'void Patch<double>::calculateStrides(void)' being compiled
  c:\asap-1.9\src\core\Patch.hpp(157): note: while compiling class template member function 'Patch<double>::Patch(const std::vector<unsigned __int64,std::allocator<_Ty>> &,const pathology::ColorType &,T *,bool,std::vector<double,std::allocator<double>>,std::vector<double,std::allocator<double>>)'
          with
          [
              _Ty=unsigned __int64,
              T=double
          ]
  c:\asap-1.9\src\imgproc\basicfilters\ImageFilter.h(51): note: see reference to function template instantiation 'Patch<double>::Patch(const std::vector<unsigned __int64,std::allocator<_Ty>> &,const pathology::ColorType &,T *,bool,std::vector<double,std::allocator<double>>,std::vector<double,std::allocator<double>>)' being compiled
          with
          [
              _Ty=unsigned __int64,
              T=double
          ]
  c:\asap-1.9\src\core\Patch.hpp(29): note: see reference to class template instantiation 'Patch<double>' being compiled
C:\ASAP-1.9\src\multiresolutionimageinterface/MultiResolutionImage.h(97): warning C4018: '>=': signed/unsigned mismatch
  C:\ASAP-1.9\src\multiresolutionimageinterface/MultiResolutionImage.h(75): note: see reference to function template instantiation 'void MultiResolutionImage::getRawRegion<T>(const __int64 &,const __int64 &,const unsigned __int64 &,const unsigned __int64 &,const unsigned int &,T *&)' being compiled
          with
          [
              T=double
          ]
  C:\ASAP-1.9\src\imgproc\wholeslide\NucleiDetectionWholeSlideFilter.cpp(113): note: see reference to function template instantiation 'Patch<double> MultiResolutionImage::getPatch<double>(const __int64 &,const __int64 &,const unsigned __int64 &,const unsigned __int64 &,const unsigned int &)' being compiled
  Generating Code...
     Creating library C:/ASAP-1.9/build/imgproc/wholeslide/Release/wholeslidefilters.lib and object C:/ASAP-1.9/build/imgproc/wholeslide/Release/wholeslidefilters.exp
  wholeslidefilters.vcxproj -> C:\ASAP-1.9\build\imgproc\wholeslide\Release\wholeslidefilters.dll
